<?xml version="1.0" encoding="UTF-8"?>
<testsuite name="JUnit Jupiter" tests="1" skipped="0" failures="0" errors="0" time="0.055" hostname="Robins-MacBook-Pro.local" timestamp="2023-04-28T14:14:35">
<properties>
[...]
</properties>
<testcase name="success()" classname="PrefixTest" time="0.02">
<system-out><![CDATA[
unique-id: [engine:junit-jupiter]/[class:PrefixTest]/[method:success()]
display-name: success()
]]></system-out>
</testcase>
<system-out><![CDATA[
unique-id: [engine:junit-jupiter]
display-name: JUnit Jupiter
]]></system-out>
</testsuite>
